750
230
690
411
593
54 55
589 590
159
505
961 965
693
491
423
528 529
599 600
935
702
7
951
987
167
865
351
235
229
203
596
434 437
997
694
800 801
286
462
780
113
275
663
499
537 542
712
931
725
826
849
473
34
447 449
216
772
871 872
782 783
870
386 388
815
166
941 943
375 376
330 331
120
426 427
842
581 582
560
431
822
11
148
834 835
91 93
103
463
639
525 527
886
510 511
311
94 95
976
791
912 915
99 101
429
650
526
567
303
894 897
933
882 883
323
604
459 461
621
860
31 32
736
374
726 731
985 988
986
748
679
263 264
5
209
41
740 744
22
853 856
559
96 97
641
356
219
29
681 683
747
945 946
62
16
464 465
444 445
400
109
808 810
728
418 419
483
349
484 487
742
39
857 858
404
654
802
775
846 847
309
916 918
129 130
138 143
809
267
335 336
597
594
180 182
306 307
568 571
438 443
476 478
701 703
569
720 721
201
611
63
171 172
223 224
186
46 47
255
684 685
291 295
764
879 881
706
845
927 928
381
106
313
733
837 838
891 892
126 128
110
504
893
687
648
457
212
606
154
774 781
121
645
359 363
451
944
541
45
515
132
724
971
394 395
967 968
202
869
265
874
913
282
592
164
433
861 862
332
540
211
397
33
276
134 137
421
646
339 341
52 53
42
102 104
192
906
422 424
64 65
843
982 984
14
334
741
144 146
326
315
297 304
554
978
481 482
90
406
156 157
174
302
222
673 674
391
488
448
691
296
803
310 318
746
213
249 250
13
151 152
907
722
947 949
516
788 789
40 44
122
68 69
472
225
57 58
266 269
602
450
813 814
4
718
854
233
396
735 737
28
785
536
206 207
637 643
127
657 659
364
401 402
583 585
770 773
553 558
959
749 750
49 51
161 162
314
407 408
446
283
277
284
887
170
361
570
48
145
268
247
534 535
125
346
114 115
707
877
87
131 133
56
574
908
624 625
719
520
497
10 12
214 215
732
615 617
655
616
191 195
439
60
873 876
23
591
859
754
189
561
176
456
384 385
19
512 513
1
153 155
787
20 26
963
784
786
270 271
680
521 522
956 957
755
586 587
805 806
75
863
672
950
799
254
867
321 322
123 124
572 573
305
649
816 817
994
287
420
183 185
368 371
111
804
360
823
118 119
902 903
644
878
412
922
890
818 824
948
686 689
938
477
795 796
77
753 758
78
954
575
914
232
549
301
704
551
980 981
734
550
320
228
89
508
369
188 190
38
370
779
362
316
533
667
193
485
238 242
9
607 608
470 471
292
669
929 930
584
281
293
149
379
651 653
925
656
970
382 383
588
507
208
618 619
324 327
415 417
635 636
393
973 974
312
299
658
905
727
532
921
409 410
500
86 88
765 769
259 262
990 991
889
884 885
365 366
274
652
665 666
855
875
844
778
730
380
628 630
74
699 700
378
923
776
819
100
436
246 248
880
354
830
210
675 676
285 288
142
298
59 61
358
716 717
743
851
178
345 350
70
112
695 696
328
24
105 108
187
217
745
677
926
80 82
739
107
319
116 117
343 344
811
98
919 920
347
474 475
576
245
812
205
441
723
792
832 833
924
631 632
243 244
428 432
633 634
762 763
430
738
983
50
662 664
777
697 698
71 72
977 979
83
910 911
836
76 79
710 711
198 199
231 234
35
514
252 253
479
81
256 257
158 160
904 909
831
519
555
340
317
671
840 841
562 563
506
888
15 18
564 566
975
839
196
579 580
278
251
937 940
139
352
682
771
435
509
850
168 169
848
236 237
964
577 578
626
556
962
226 227
821
613
467
714 715
517 518
440
92
220
357
797 798
466 469
820
403 405
279
678
793 794
468
827
135
966
705 709
325
807
294
538
548 552
767
141
486
353 355
390 392
367
308
272
565
936
173 175
688
713
3
372 373
43
218 221
413 414
273 280
998
790
900
972
942
36 37
177
181
647
460
708
493
829
898 901
557
692
543 544
501 503
329
480
425
623
729
952 953
73
638
866 868
490 492
523 524
17
348
761
333
759 760
601 603
398 399
179
895
605
489
996 999
852
531
640
184
899
660 661
416
27 30
896
452 454
289 290
200 204
989
258
614
197
546
917
140
260
6 8
84 85
455 458
610
337 338
453
969
668 670
239
629
757
766
163 165
609 612
377
955
496 498
958 960
502
442
240
389
993 995
342
0 2
194
825 828
66 67
627
642
530
545 547
768
25
387
751 752
21
539
261
620 622
932 934
595 598
241
136
756
939
494 495
300
992
864
147 150
